c:\users\arkra\desktop\unam\2023-i\ihc\lab\p8\reporte\p5\p1\p1\p1\debug\vc141.pdb
c:\users\arkra\desktop\unam\2023-i\ihc\lab\p8\reporte\p5\p1\p1\p1\debug\vc141.idb
c:\users\arkra\desktop\unam\2023-i\ihc\lab\p8\reporte\p5\p1\p1\p1\debug\final3.obj
c:\users\arkra\desktop\unam\2023-i\ihc\lab\p8\reporte\p5\p1\p1\p1\debug\glad.obj
c:\users\arkra\desktop\unam\2023-i\ihc\proyecto\project\proj\p1\debug\vc141.pdb
c:\users\arkra\desktop\unam\2023-i\ihc\proyecto\project\proj\p1\debug\vc141.idb
c:\users\arkra\desktop\unam\2023-i\ihc\proyecto\project\proj\p1\debug\glad.obj
c:\users\arkra\desktop\unam\2023-i\ihc\proyecto\project\proj\p1\debug\final3.obj
c:\users\arkra\desktop\unam\2023-i\ihc\lab\p8\reporte\p5\p1\p1\debug\p1.ilk
c:\users\arkra\desktop\unam\2023-i\ihc\lab\p8\reporte\p5\p1\p1\debug\p1.exe
c:\users\arkra\desktop\unam\2023-i\ihc\lab\p8\reporte\p5\p1\p1\debug\p1.pdb
c:\users\arkra\desktop\unam\2023-i\ihc\proyecto\project\proj\p1\debug\final.obj
c:\users\arkra\desktop\unam\2023-i\ihc\proyecto\project\proj\p1\debug\main_prac01.obj
c:\users\arkra\desktop\unam\2023-i\ihc\proyecto\project\proj\p1\debug\main_prac03.obj
c:\users\arkra\desktop\unam\2023-i\ihc\proyecto\project\proj\p1\debug\main_prac04.obj
c:\users\arkra\desktop\unam\2023-i\ihc\proyecto\project\proj\p1\debug\main_prac05.obj
c:\users\arkra\desktop\unam\2023-i\ihc\proyecto\project\proj\p1\debug\p1.obj
c:\users\arkra\desktop\unam\2023-i\ihc\proyecto\project\proj\debug\p1.pdb
c:\users\arkra\desktop\unam\2023-i\ihc\proyecto\project\proj\debug\p1.exe
c:\users\arkra\desktop\unam\2023-i\ihc\proyecto\project\proj\debug\p1.ilk
c:\users\arkra\desktop\unam\2023-i\ihc\proyecto\project\proj\p1\debug\p1.tlog\cl.command.1.tlog
c:\users\arkra\desktop\unam\2023-i\ihc\proyecto\project\proj\p1\debug\p1.tlog\cl.read.1.tlog
c:\users\arkra\desktop\unam\2023-i\ihc\proyecto\project\proj\p1\debug\p1.tlog\cl.write.1.tlog
c:\users\arkra\desktop\unam\2023-i\ihc\proyecto\project\proj\p1\debug\p1.tlog\link.command.1.tlog
c:\users\arkra\desktop\unam\2023-i\ihc\proyecto\project\proj\p1\debug\p1.tlog\link.read.1.tlog
c:\users\arkra\desktop\unam\2023-i\ihc\proyecto\project\proj\p1\debug\p1.tlog\link.write.1.tlog
